c:\users\jimazeyu\desktop\3dvisualization\opengl\debug\vc143.pdb
c:\users\jimazeyu\desktop\3dvisualization\opengl\debug\vc143.idb
c:\users\jimazeyu\desktop\3dvisualization\opengl\debug\trackball.obj
c:\users\jimazeyu\desktop\3dvisualization\opengl\debug\glutils.obj
c:\users\jimazeyu\desktop\3dvisualization\opengl\debug\glslprogram.obj
c:\users\jimazeyu\desktop\3dvisualization\opengl\debug\drawable.obj
c:\users\jimazeyu\desktop\3dvisualization\opengl\debug\glm.obj
c:\users\jimazeyu\desktop\3dvisualization\opengl\debug\testtexture2d.obj
c:\users\jimazeyu\desktop\3dvisualization\opengl\debug\testgridmap.obj
c:\users\jimazeyu\desktop\3dvisualization\opengl\debug\testcube.obj
c:\users\jimazeyu\desktop\3dvisualization\opengl\debug\testclearcolor.obj
c:\users\jimazeyu\desktop\3dvisualization\opengl\debug\test.obj
c:\users\jimazeyu\desktop\3dvisualization\opengl\debug\gridmap.obj
c:\users\jimazeyu\desktop\3dvisualization\opengl\debug\car.obj
c:\users\jimazeyu\desktop\3dvisualization\opengl\debug\vertexbuffer.obj
c:\users\jimazeyu\desktop\3dvisualization\opengl\debug\vertexarray.obj
c:\users\jimazeyu\desktop\3dvisualization\opengl\debug\texture.obj
c:\users\jimazeyu\desktop\3dvisualization\opengl\debug\shader.obj
c:\users\jimazeyu\desktop\3dvisualization\opengl\debug\renderer.obj
c:\users\jimazeyu\desktop\3dvisualization\opengl\debug\indexbuffer.obj
c:\users\jimazeyu\desktop\3dvisualization\opengl\debug\jsonparser.obj
c:\users\jimazeyu\desktop\3dvisualization\opengl\debug\application.obj
c:\users\jimazeyu\desktop\3dvisualization\opengl\debug\stb_image.obj
c:\users\jimazeyu\desktop\3dvisualization\opengl\debug\imgui_widgets.obj
c:\users\jimazeyu\desktop\3dvisualization\opengl\debug\imgui_impl_opengl3.obj
c:\users\jimazeyu\desktop\3dvisualization\opengl\debug\imgui_impl_glfw.obj
c:\users\jimazeyu\desktop\3dvisualization\opengl\debug\imgui_draw.obj
c:\users\jimazeyu\desktop\3dvisualization\opengl\debug\imgui_demo.obj
c:\users\jimazeyu\desktop\3dvisualization\opengl\debug\imgui.obj
c:\users\jimazeyu\desktop\3dvisualization\opengl\debug\vbotorus.obj
c:\users\jimazeyu\desktop\3dvisualization\opengl\debug\vboteapotpatch.obj
c:\users\jimazeyu\desktop\3dvisualization\opengl\debug\vboteapot.obj
c:\users\jimazeyu\desktop\3dvisualization\opengl\debug\vbosphere2.obj
c:\users\jimazeyu\desktop\3dvisualization\opengl\debug\vbosphere.obj
c:\users\jimazeyu\desktop\3dvisualization\opengl\debug\vboplane.obj
c:\users\jimazeyu\desktop\3dvisualization\opengl\debug\vbomeshadj.obj
c:\users\jimazeyu\desktop\3dvisualization\opengl\debug\vbomesh.obj
c:\users\jimazeyu\desktop\3dvisualization\opengl\debug\vbocube.obj
d:\tongji\03junior\semester2\simworld\gui\3dvisualization\opengl\debug\vc143.pdb
d:\tongji\03junior\semester2\simworld\gui\3dvisualization\opengl\debug\vc143.idb
d:\tongji\03junior\semester2\simworld\gui\3dvisualization\opengl\debug\trackball.obj
d:\tongji\03junior\semester2\simworld\gui\3dvisualization\opengl\debug\glutils.obj
d:\tongji\03junior\semester2\simworld\gui\3dvisualization\opengl\debug\glslprogram.obj
d:\tongji\03junior\semester2\simworld\gui\3dvisualization\opengl\debug\drawable.obj
d:\tongji\03junior\semester2\simworld\gui\3dvisualization\opengl\debug\glm.obj
d:\tongji\03junior\semester2\simworld\gui\3dvisualization\opengl\debug\testtexture2d.obj
d:\tongji\03junior\semester2\simworld\gui\3dvisualization\opengl\debug\testgridmap.obj
d:\tongji\03junior\semester2\simworld\gui\3dvisualization\opengl\debug\testcube.obj
d:\tongji\03junior\semester2\simworld\gui\3dvisualization\opengl\debug\testclearcolor.obj
d:\tongji\03junior\semester2\simworld\gui\3dvisualization\opengl\debug\test.obj
d:\tongji\03junior\semester2\simworld\gui\3dvisualization\opengl\debug\gridmap.obj
d:\tongji\03junior\semester2\simworld\gui\3dvisualization\opengl\debug\car.obj
d:\tongji\03junior\semester2\simworld\gui\3dvisualization\opengl\debug\vertexbuffer.obj
d:\tongji\03junior\semester2\simworld\gui\3dvisualization\opengl\debug\vertexarray.obj
d:\tongji\03junior\semester2\simworld\gui\3dvisualization\opengl\debug\texture.obj
d:\tongji\03junior\semester2\simworld\gui\3dvisualization\opengl\debug\shader.obj
d:\tongji\03junior\semester2\simworld\gui\3dvisualization\opengl\debug\renderer.obj
d:\tongji\03junior\semester2\simworld\gui\3dvisualization\opengl\debug\indexbuffer.obj
d:\tongji\03junior\semester2\simworld\gui\3dvisualization\opengl\debug\jsonparser.obj
d:\tongji\03junior\semester2\simworld\gui\3dvisualization\opengl\debug\application.obj
d:\tongji\03junior\semester2\simworld\gui\3dvisualization\opengl\debug\stb_image.obj
d:\tongji\03junior\semester2\simworld\gui\3dvisualization\opengl\debug\imgui_widgets.obj
d:\tongji\03junior\semester2\simworld\gui\3dvisualization\opengl\debug\imgui_impl_opengl3.obj
d:\tongji\03junior\semester2\simworld\gui\3dvisualization\opengl\debug\imgui_impl_glfw.obj
d:\tongji\03junior\semester2\simworld\gui\3dvisualization\opengl\debug\imgui_draw.obj
d:\tongji\03junior\semester2\simworld\gui\3dvisualization\opengl\debug\imgui_demo.obj
d:\tongji\03junior\semester2\simworld\gui\3dvisualization\opengl\debug\imgui.obj
d:\tongji\03junior\semester2\simworld\gui\3dvisualization\opengl\debug\vbotorus.obj
d:\tongji\03junior\semester2\simworld\gui\3dvisualization\opengl\debug\vboteapotpatch.obj
d:\tongji\03junior\semester2\simworld\gui\3dvisualization\opengl\debug\vboteapot.obj
d:\tongji\03junior\semester2\simworld\gui\3dvisualization\opengl\debug\vbosphere2.obj
d:\tongji\03junior\semester2\simworld\gui\3dvisualization\opengl\debug\vbosphere.obj
d:\tongji\03junior\semester2\simworld\gui\3dvisualization\opengl\debug\vboplane.obj
d:\tongji\03junior\semester2\simworld\gui\3dvisualization\opengl\debug\vbomeshadj.obj
d:\tongji\03junior\semester2\simworld\gui\3dvisualization\opengl\debug\vbomesh.obj
d:\tongji\03junior\semester2\simworld\gui\3dvisualization\opengl\debug\vbocube.obj
c:\users\jimazeyu\desktop\3dvisualization\debug\opengl.exe
c:\users\jimazeyu\desktop\3dvisualization\opengl\debug\opengl.ilk
c:\users\jimazeyu\desktop\3dvisualization\debug\opengl.pdb
d:\tongji\03junior\semester2\simworld\gui\3dvisualization\debug\opengl.exe
d:\tongji\03junior\semester2\simworld\gui\3dvisualization\opengl\debug\opengl.ilk
d:\tongji\03junior\semester2\simworld\gui\3dvisualization\debug\opengl.pdb
d:\tongji\03junior\semester2\simworld\gui\3dvisualization\opengl\debug\opengl.tlog\cl.command.1.tlog
d:\tongji\03junior\semester2\simworld\gui\3dvisualization\opengl\debug\opengl.tlog\cl.read.1.tlog
d:\tongji\03junior\semester2\simworld\gui\3dvisualization\opengl\debug\opengl.tlog\cl.write.1.tlog
d:\tongji\03junior\semester2\simworld\gui\3dvisualization\opengl\debug\opengl.tlog\link.command.1.tlog
d:\tongji\03junior\semester2\simworld\gui\3dvisualization\opengl\debug\opengl.tlog\link.read.1.tlog
d:\tongji\03junior\semester2\simworld\gui\3dvisualization\opengl\debug\opengl.tlog\link.write.1.tlog
